<?xml version="1.0" encoding="UTF-8"?>
<!-- Generated by org.testng.reporters.JUnitXMLReporter -->
<testsuite ignored="0" hostname="Neetu-PC" failures="1" tests="27" name="Test" time="282.99" errors="0" timestamp="2022-11-22T00:41:28 IST">
  <testcase classname="testCases.Test_Case013" name="preSteps" time="2.835"/>
  <testcase classname="testCases.Test_Case013" name="check_total" time="5.615"/>
  <testcase classname="testCases.Test_Case013" name="check_total" time="7.939"/>
  <testcase classname="testCases.Test_Case016" name="preSteps" time="3.795"/>
  <testcase classname="testCases.Test_Case016" name="estimate_shipping_and_tax_test" time="25.895"/>
  <testcase classname="testCases.Test_Case016" name="estimate_shipping_and_tax_test" time="25.284"/>
  <testcase classname="testCases.Test_Case011" name="check_sort_by_filter" time="6.896"/>
  <testcase classname="testCases.Test_Case011" name="check_sort_by_filter" time="6.562"/>
  <testcase classname="testCases.Test_Case011" name="check_sort_by_filter" time="6.481"/>
  <testcase classname="testCases.Test_Case011" name="check_sort_by_filter" time="6.484"/>
  <testcase classname="testCases.Test_Case012" name="check_sort_by_filter" time="5.043"/>
  <testcase classname="testCases.Test_Case012" name="check_sort_by_filter" time="4.588"/>
  <testcase classname="testCases.Test_Case014" name="check_total" time="4.674">
    <failure type="org.openqa.selenium.StaleElementReferenceException" message="stale element reference: element is not attached to the page document
  (Session info: chrome=107.0.5304.107)
For documentation on this error, please visit: https://selenium.dev/exceptions/#stale_element_reference
Build info: version: &amp;apos;4.4.0&amp;apos;, revision: &amp;apos;e5c75ed026a&amp;apos;
System info: host: &amp;apos;NEETU-PC&amp;apos;, ip: &amp;apos;192.168.100.158&amp;apos;, os.name: &amp;apos;Windows 7&amp;apos;, os.arch: &amp;apos;amd64&amp;apos;, os.version: &amp;apos;6.1&amp;apos;, java.version: &amp;apos;18.0.2&amp;apos;
Driver info: org.openqa.selenium.chrome.ChromeDriver
Command: [6e92a5cde501efb2936616473e445549, clickElement {id=bcde55fd-7a7e-4dd3-a9f6-e36c98ff6e35}]
Capabilities {acceptInsecureCerts: false, browserName: chrome, browserVersion: 107.0.5304.107, chrome: {chromedriverVersion: 107.0.5304.62 (1eec40d3a576..., userDataDir: C:\Users\Neetu\AppData\Loca...}, goog:chromeOptions: {debuggerAddress: localhost:52986}, networkConnectionEnabled: false, pageLoadStrategy: normal, platformName: WINDOWS, proxy: Proxy(), se:cdp: ws://localhost:52986/devtoo..., se:cdpVersion: 107.0.5304.107, setWindowRect: true, strictFileInteractability: false, timeouts: {implicit: 0, pageLoad: 300000, script: 30000}, unhandledPromptBehavior: dismiss and notify, webauthn:extension:credBlob: true, webauthn:extension:largeBlob: true, webauthn:virtualAuthenticators: true}
Element: [[ChromeDriver: chrome on WINDOWS (6e92a5cde501efb2936616473e445549)] -&amp;gt; xpath: //span[@class=&amp;apos;text-danger&amp;apos;]/..//following-sibling::td[2]//button[@data-original-title=&amp;apos;Remove&amp;apos;]]
Session ID: 6e92a5cde501efb2936616473e445549">
      <![CDATA[org.openqa.selenium.StaleElementReferenceException: stale element reference: element is not attached to the page document
  (Session info: chrome=107.0.5304.107)
For documentation on this error, please visit: https://selenium.dev/exceptions/#stale_element_reference
Build info: version: '4.4.0', revision: 'e5c75ed026a'
System info: host: 'NEETU-PC', ip: '192.168.100.158', os.name: 'Windows 7', os.arch: 'amd64', os.version: '6.1', java.version: '18.0.2'
Driver info: org.openqa.selenium.chrome.ChromeDriver
Command: [6e92a5cde501efb2936616473e445549, clickElement {id=bcde55fd-7a7e-4dd3-a9f6-e36c98ff6e35}]
Capabilities {acceptInsecureCerts: false, browserName: chrome, browserVersion: 107.0.5304.107, chrome: {chromedriverVersion: 107.0.5304.62 (1eec40d3a576..., userDataDir: C:\Users\Neetu\AppData\Loca...}, goog:chromeOptions: {debuggerAddress: localhost:52986}, networkConnectionEnabled: false, pageLoadStrategy: normal, platformName: WINDOWS, proxy: Proxy(), se:cdp: ws://localhost:52986/devtoo..., se:cdpVersion: 107.0.5304.107, setWindowRect: true, strictFileInteractability: false, timeouts: {implicit: 0, pageLoad: 300000, script: 30000}, unhandledPromptBehavior: dismiss and notify, webauthn:extension:credBlob: true, webauthn:extension:largeBlob: true, webauthn:virtualAuthenticators: true}
Element: [[ChromeDriver: chrome on WINDOWS (6e92a5cde501efb2936616473e445549)] -> xpath: //span[@class='text-danger']/..//following-sibling::td[2]//button[@data-original-title='Remove']]
Session ID: 6e92a5cde501efb2936616473e445549
at org.openqa.selenium.remote.codec.w3c.W3CHttpResponseCodec.createException(W3CHttpResponseCodec.java:200)
at org.openqa.selenium.remote.codec.w3c.W3CHttpResponseCodec.decode(W3CHttpResponseCodec.java:133)
at org.openqa.selenium.remote.codec.w3c.W3CHttpResponseCodec.decode(W3CHttpResponseCodec.java:53)
at org.openqa.selenium.remote.HttpCommandExecutor.execute(HttpCommandExecutor.java:184)
at org.openqa.selenium.remote.service.DriverCommandExecutor.invokeExecute(DriverCommandExecutor.java:167)
at org.openqa.selenium.remote.service.DriverCommandExecutor.execute(DriverCommandExecutor.java:142)
at org.openqa.selenium.remote.RemoteWebDriver.execute(RemoteWebDriver.java:547)
at org.openqa.selenium.remote.RemoteWebElement.execute(RemoteWebElement.java:257)
at org.openqa.selenium.remote.RemoteWebElement.click(RemoteWebElement.java:78)
at org.openqa.selenium.support.pagefactory.internal.LocatingElementHandler.invoke(LocatingElementHandler.java:52)
at jdk.proxy2/jdk.proxy2.$Proxy16.click(Unknown Source)
at PageClass.ShoppingCartPage.delete_star_products(ShoppingCartPage.java:100)
at testCases.Test_Case014.check_total(Test_Case014.java:27)
at java.base/java.util.concurrent.ThreadPoolExecutor.runWorker(ThreadPoolExecutor.java:1136)
at java.base/java.util.concurrent.ThreadPoolExecutor$Worker.run(ThreadPoolExecutor.java:635)
at java.base/java.lang.Thread.run(Thread.java:833)
... Removed 15 stack frames]]>
    </failure>
  </testcase> <!-- check_total -->
  <testcase classname="testCases.Test_Case010" name="currency_dropdown" time="4.652"/>
  <testcase classname="testCases.Test_Case010" name="currency_dropdown" time="4.053"/>
  <testcase classname="testCases.Test_Case010" name="currency_dropdown" time="4.165"/>
  <testcase classname="testCases.Test_Case002" name="test2" time="4.937"/>
  <testcase classname="testCases.Test_Case003" name="test3" time="5.436"/>
  <testcase classname="testCases.Test_Case003" name="test3" time="4.276"/>
  <testcase classname="testCases.Test_Case003" name="test3" time="4.171"/>
  <testcase classname="testCases.Test_Case004" name="test4" time="5.514"/>
  <testcase classname="testCases.Test_Case005" name="test5" time="6.054"/>
  <testcase classname="testCases.Test_Case006" name="test6" time="6.896"/>
  <testcase classname="testCases.Test_Case007" name="test7" time="5.935"/>
  <testcase classname="testCases.Test_Case008" name="test8" time="5.296"/>
  <testcase classname="testCases.Test_Case009" name="test_broken_links" time="6.697"/>
  <testcase classname="testCases.Test_Case015" name="use_coupon_code_test" time="6.831"/>
</testsuite> <!-- Test -->
