<html>
<head>
<title>TestNG:  Test</title>
<link href="../testng.css" rel="stylesheet" type="text/css" />
<link href="../my-testng.css" rel="stylesheet" type="text/css" />

<style type="text/css">
.log { display: none;} 
.stack-trace { display: none;} 
</style>
<script type="text/javascript">
<!--
function flip(e) {
  current = e.style.display;
  if (current == 'block') {
    e.style.display = 'none';
    return 0;
  }
  else {
    e.style.display = 'block';
    return 1;
  }
}

function toggleBox(szDivId, elem, msg1, msg2)
{
  var res = -1;  if (document.getElementById) {
    res = flip(document.getElementById(szDivId));
  }
  else if (document.all) {
    // this is the way old msie versions work
    res = flip(document.all[szDivId]);
  }
  if(elem) {
    if(res == 0) elem.innerHTML = msg1; else elem.innerHTML = msg2;
  }

}

function toggleAllBoxes() {
  if (document.getElementsByTagName) {
    d = document.getElementsByTagName('div');
    for (i = 0; i < d.length; i++) {
      if (d[i].className == 'log') {
        flip(d[i]);
      }
    }
  }
}

// -->
</script>

</head>
<body>
<h2 align='center'>Test</h2><table border='1' align="center">
<tr>
<td>Tests passed/Failed/Skipped:</td><td>26/1/0</td>
</tr><tr>
<td>Started on:</td><td>Tue Nov 22 00:36:45 IST 2022</td>
</tr>
<tr><td>Total time:</td><td>282 seconds (282990 ms)</td>
</tr><tr>
<td>Included groups:</td><td></td>
</tr><tr>
<td>Excluded groups:</td><td></td>
</tr>
</table><p/>
<small><i>(Hover the method name to see the test class name)</i></small><p/>
<table width='100%' border='1' class='invocation-failed'>
<tr><td colspan='4' align='center'><b>FAILED TESTS</b></td></tr>
<tr><td><b>Test method</b></td>
<td width="30%"><b>Exception</b></td>
<td width="10%"><b>Time (seconds)</b></td>
<td><b>Instance</b></td>
</tr>
<tr>
<td title='testCases.Test_Case014.check_total()'><b>check_total</b><br>Test class: testCases.Test_Case014</td>
<td><div><pre>org.openqa.selenium.StaleElementReferenceException: stale element reference: element is not attached to the page document
  (Session info: chrome=107.0.5304.107)
For documentation on this error, please visit: https://selenium.dev/exceptions/#stale_element_reference
Build info: version: &apos;4.4.0&apos;, revision: &apos;e5c75ed026a&apos;
System info: host: &apos;NEETU-PC&apos;, ip: &apos;192.168.100.158&apos;, os.name: &apos;Windows 7&apos;, os.arch: &apos;amd64&apos;, os.version: &apos;6.1&apos;, java.version: &apos;18.0.2&apos;
Driver info: org.openqa.selenium.chrome.ChromeDriver
Command: [6e92a5cde501efb2936616473e445549, clickElement {id=bcde55fd-7a7e-4dd3-a9f6-e36c98ff6e35}]
Capabilities {acceptInsecureCerts: false, browserName: chrome, browserVersion: 107.0.5304.107, chrome: {chromedriverVersion: 107.0.5304.62 (1eec40d3a576..., userDataDir: C:\Users\Neetu\AppData\Loca...}, goog:chromeOptions: {debuggerAddress: localhost:52986}, networkConnectionEnabled: false, pageLoadStrategy: normal, platformName: WINDOWS, proxy: Proxy(), se:cdp: ws://localhost:52986/devtoo..., se:cdpVersion: 107.0.5304.107, setWindowRect: true, strictFileInteractability: false, timeouts: {implicit: 0, pageLoad: 300000, script: 30000}, unhandledPromptBehavior: dismiss and notify, webauthn:extension:credBlob: true, webauthn:extension:largeBlob: true, webauthn:virtualAuthenticators: true}
Element: [[ChromeDriver: chrome on WINDOWS (6e92a5cde501efb2936616473e445549)] -&gt; xpath: //span[@class=&apos;text-danger&apos;]/..//following-sibling::td[2]//button[@data-original-title=&apos;Remove&apos;]]
Session ID: 6e92a5cde501efb2936616473e445549
	at org.openqa.selenium.remote.codec.w3c.W3CHttpResponseCodec.createException(W3CHttpResponseCodec.java:200)
	at org.openqa.selenium.remote.codec.w3c.W3CHttpResponseCodec.decode(W3CHttpResponseCodec.java:133)
	at org.openqa.selenium.remote.codec.w3c.W3CHttpResponseCodec.decode(W3CHttpResponseCodec.java:53)
	at org.openqa.selenium.remote.HttpCommandExecutor.execute(HttpCommandExecutor.java:184)
	at org.openqa.selenium.remote.service.DriverCommandExecutor.invokeExecute(DriverCommandExecutor.java:167)
	at org.openqa.selenium.remote.service.DriverCommandExecutor.execute(DriverCommandExecutor.java:142)
	at org.openqa.selenium.remote.RemoteWebDriver.execute(RemoteWebDriver.java:547)
	at org.openqa.selenium.remote.RemoteWebElement.execute(RemoteWebElement.java:257)
	at org.openqa.selenium.remote.RemoteWebElement.click(RemoteWebElement.java:78)
	at org.openqa.selenium.support.pagefactory.internal.LocatingElementHandler.invoke(LocatingElementHandler.java:52)
	at jdk.proxy2/jdk.proxy2.$Proxy16.click(Unknown Source)
	at PageClass.ShoppingCartPage.delete_star_products(ShoppingCartPage.java:100)
	at testCases.Test_Case014.check_total(Test_Case014.java:27)
	at java.base/java.util.concurrent.ThreadPoolExecutor.runWorker(ThreadPoolExecutor.java:1136)
	at java.base/java.util.concurrent.ThreadPoolExecutor$Worker.run(ThreadPoolExecutor.java:635)
	at java.base/java.lang.Thread.run(Thread.java:833)
... Removed 15 stack frames</pre></div><a href='#' onClick='toggleBox("stack-trace681474934", this, "Click to show all stack frames", "Click to hide stack frames")'>Click to show all stack frames</a>
<div class='stack-trace' id='stack-trace681474934'><pre>org.openqa.selenium.StaleElementReferenceException: stale element reference: element is not attached to the page document
  (Session info: chrome=107.0.5304.107)
For documentation on this error, please visit: https://selenium.dev/exceptions/#stale_element_reference
Build info: version: &apos;4.4.0&apos;, revision: &apos;e5c75ed026a&apos;
System info: host: &apos;NEETU-PC&apos;, ip: &apos;192.168.100.158&apos;, os.name: &apos;Windows 7&apos;, os.arch: &apos;amd64&apos;, os.version: &apos;6.1&apos;, java.version: &apos;18.0.2&apos;
Driver info: org.openqa.selenium.chrome.ChromeDriver
Command: [6e92a5cde501efb2936616473e445549, clickElement {id=bcde55fd-7a7e-4dd3-a9f6-e36c98ff6e35}]
Capabilities {acceptInsecureCerts: false, browserName: chrome, browserVersion: 107.0.5304.107, chrome: {chromedriverVersion: 107.0.5304.62 (1eec40d3a576..., userDataDir: C:\Users\Neetu\AppData\Loca...}, goog:chromeOptions: {debuggerAddress: localhost:52986}, networkConnectionEnabled: false, pageLoadStrategy: normal, platformName: WINDOWS, proxy: Proxy(), se:cdp: ws://localhost:52986/devtoo..., se:cdpVersion: 107.0.5304.107, setWindowRect: true, strictFileInteractability: false, timeouts: {implicit: 0, pageLoad: 300000, script: 30000}, unhandledPromptBehavior: dismiss and notify, webauthn:extension:credBlob: true, webauthn:extension:largeBlob: true, webauthn:virtualAuthenticators: true}
Element: [[ChromeDriver: chrome on WINDOWS (6e92a5cde501efb2936616473e445549)] -&gt; xpath: //span[@class=&apos;text-danger&apos;]/..//following-sibling::td[2]//button[@data-original-title=&apos;Remove&apos;]]
Session ID: 6e92a5cde501efb2936616473e445549
	at java.base/jdk.internal.reflect.DirectConstructorHandleAccessor.newInstance(DirectConstructorHandleAccessor.java:67)
	at java.base/java.lang.reflect.Constructor.newInstanceWithCaller(Constructor.java:499)
	at java.base/java.lang.reflect.Constructor.newInstance(Constructor.java:483)
	at org.openqa.selenium.remote.codec.w3c.W3CHttpResponseCodec.createException(W3CHttpResponseCodec.java:200)
	at org.openqa.selenium.remote.codec.w3c.W3CHttpResponseCodec.decode(W3CHttpResponseCodec.java:133)
	at org.openqa.selenium.remote.codec.w3c.W3CHttpResponseCodec.decode(W3CHttpResponseCodec.java:53)
	at org.openqa.selenium.remote.HttpCommandExecutor.execute(HttpCommandExecutor.java:184)
	at org.openqa.selenium.remote.service.DriverCommandExecutor.invokeExecute(DriverCommandExecutor.java:167)
	at org.openqa.selenium.remote.service.DriverCommandExecutor.execute(DriverCommandExecutor.java:142)
	at org.openqa.selenium.remote.RemoteWebDriver.execute(RemoteWebDriver.java:547)
	at org.openqa.selenium.remote.RemoteWebElement.execute(RemoteWebElement.java:257)
	at org.openqa.selenium.remote.RemoteWebElement.click(RemoteWebElement.java:78)
	at java.base/jdk.internal.reflect.DirectMethodHandleAccessor.invoke(DirectMethodHandleAccessor.java:104)
	at java.base/java.lang.reflect.Method.invoke(Method.java:577)
	at org.openqa.selenium.support.pagefactory.internal.LocatingElementHandler.invoke(LocatingElementHandler.java:52)
	at jdk.proxy2/jdk.proxy2.$Proxy16.click(Unknown Source)
	at PageClass.ShoppingCartPage.delete_star_products(ShoppingCartPage.java:100)
	at testCases.Test_Case014.check_total(Test_Case014.java:27)
	at java.base/jdk.internal.reflect.DirectMethodHandleAccessor.invoke(DirectMethodHandleAccessor.java:104)
	at java.base/java.lang.reflect.Method.invoke(Method.java:577)
	at org.testng.internal.MethodInvocationHelper.invokeMethod(MethodInvocationHelper.java:133)
	at org.testng.internal.TestInvoker.invokeMethod(TestInvoker.java:598)
	at org.testng.internal.TestInvoker.invokeTestMethod(TestInvoker.java:173)
	at org.testng.internal.MethodRunner.runInSequence(MethodRunner.java:46)
	at org.testng.internal.TestInvoker$MethodInvocationAgent.invoke(TestInvoker.java:824)
	at org.testng.internal.TestInvoker.invokeTestMethods(TestInvoker.java:146)
	at org.testng.internal.TestMethodWorker.invokeTestMethods(TestMethodWorker.java:146)
	at org.testng.internal.TestMethodWorker.run(TestMethodWorker.java:128)
	at java.base/java.util.concurrent.ThreadPoolExecutor.runWorker(ThreadPoolExecutor.java:1136)
	at java.base/java.util.concurrent.ThreadPoolExecutor$Worker.run(ThreadPoolExecutor.java:635)
	at java.base/java.lang.Thread.run(Thread.java:833)
</pre></div></td>
<td>4</td>
<td>testCases.Test_Case014@7e6f74c</td></tr>
</table><p>
<table width='100%' border='1' class='invocation-passed'>
<tr><td colspan='4' align='center'><b>PASSED TESTS</b></td></tr>
<tr><td><b>Test method</b></td>
<td width="30%"><b>Exception</b></td>
<td width="10%"><b>Time (seconds)</b></td>
<td><b>Instance</b></td>
</tr>
<tr>
<td title='testCases.Test_Case013.preSteps()'><b>preSteps</b><br>Test class: testCases.Test_Case013</td>
<td></td>
<td>2</td>
<td>testCases.Test_Case013@44c03695</td></tr>
<tr>
<td title='testCases.Test_Case011.check_sort_by_filter()'><b>check_sort_by_filter</b><br>Test class: testCases.Test_Case011<br>Parameters: Name (A - Z)</td>
<td></td>
<td>6</td>
<td>testCases.Test_Case011@1573f9fc</td></tr>
<tr>
<td title='testCases.Test_Case007.test7()'><b>test7</b><br>Test class: testCases.Test_Case007</td>
<td></td>
<td>5</td>
<td>testCases.Test_Case007@7586beff</td></tr>
<tr>
<td title='testCases.Test_Case011.check_sort_by_filter()'><b>check_sort_by_filter</b><br>Test class: testCases.Test_Case011<br>Parameters: Name (Z - A)</td>
<td></td>
<td>6</td>
<td>testCases.Test_Case011@1573f9fc</td></tr>
<tr>
<td title='testCases.Test_Case003.test3()'><b>test3</b><br>Test class: testCases.Test_Case003<br>Parameters: sandy5691@gmail.com, Garg26@$, negative</td>
<td></td>
<td>4</td>
<td>testCases.Test_Case003@327514f</td></tr>
<tr>
<td title='testCases.Test_Case003.test3()'><b>test3</b><br>Test class: testCases.Test_Case003<br>Parameters: sandy76@gmail.com, Garg25@$, negative</td>
<td></td>
<td>4</td>
<td>testCases.Test_Case003@327514f</td></tr>
<tr>
<td title='testCases.Test_Case005.test5()'><b>test5</b><br>Test class: testCases.Test_Case005</td>
<td></td>
<td>6</td>
<td>testCases.Test_Case005@1165b38</td></tr>
<tr>
<td title='testCases.Test_Case012.check_sort_by_filter()'><b>check_sort_by_filter</b><br>Test class: testCases.Test_Case012<br>Parameters: macbook</td>
<td></td>
<td>4</td>
<td>testCases.Test_Case012@6150c3ec</td></tr>
<tr>
<td title='testCases.Test_Case010.currency_dropdown()'><b>currency_dropdown</b><br>Test class: testCases.Test_Case010<br>Parameters: EUR</td>
<td></td>
<td>4</td>
<td>testCases.Test_Case010@5542c4ed</td></tr>
<tr>
<td title='testCases.Test_Case016.estimate_shipping_and_tax_test()'><b>estimate_shipping_and_tax_test</b><br>Test class: testCases.Test_Case016<br>Parameters: India, Rajasthan, 132002.0</td>
<td></td>
<td>25</td>
<td>testCases.Test_Case016@6a78afa0</td></tr>
<tr>
<td title='testCases.Test_Case011.check_sort_by_filter()'><b>check_sort_by_filter</b><br>Test class: testCases.Test_Case011<br>Parameters: Price (Low > High)</td>
<td></td>
<td>6</td>
<td>testCases.Test_Case011@1573f9fc</td></tr>
<tr>
<td title='testCases.Test_Case008.test8()'><b>test8</b><br>Test class: testCases.Test_Case008</td>
<td></td>
<td>5</td>
<td>testCases.Test_Case008@3b69e7d1</td></tr>
<tr>
<td title='testCases.Test_Case016.preSteps()'><b>preSteps</b><br>Test class: testCases.Test_Case016</td>
<td></td>
<td>3</td>
<td>testCases.Test_Case016@6a78afa0</td></tr>
<tr>
<td title='testCases.Test_Case013.check_total()'><b>check_total</b><br>Test class: testCases.Test_Case013<br>Parameters: macbook</td>
<td></td>
<td>7</td>
<td>testCases.Test_Case013@44c03695</td></tr>
<tr>
<td title='testCases.Test_Case002.test2()'><b>test2</b><br>Test class: testCases.Test_Case002</td>
<td></td>
<td>4</td>
<td>testCases.Test_Case002@38425407</td></tr>
<tr>
<td title='testCases.Test_Case006.test6()'><b>test6</b><br>Test class: testCases.Test_Case006</td>
<td></td>
<td>6</td>
<td>testCases.Test_Case006@4c12331b</td></tr>
<tr>
<td title='testCases.Test_Case009.test_broken_links()'><b>test_broken_links</b><br>Test class: testCases.Test_Case009</td>
<td></td>
<td>6</td>
<td>testCases.Test_Case009@815b41f</td></tr>
<tr>
<td title='testCases.Test_Case010.currency_dropdown()'><b>currency_dropdown</b><br>Test class: testCases.Test_Case010<br>Parameters: USD</td>
<td></td>
<td>4</td>
<td>testCases.Test_Case010@5542c4ed</td></tr>
<tr>
<td title='testCases.Test_Case015.use_coupon_code_test()'><b>use_coupon_code_test</b><br>Test class: testCases.Test_Case015</td>
<td></td>
<td>6</td>
<td>testCases.Test_Case015@dd05255</td></tr>
<tr>
<td title='testCases.Test_Case016.estimate_shipping_and_tax_test()'><b>estimate_shipping_and_tax_test</b><br>Test class: testCases.Test_Case016<br>Parameters: India, Haryana, 131001.0</td>
<td></td>
<td>25</td>
<td>testCases.Test_Case016@6a78afa0</td></tr>
<tr>
<td title='testCases.Test_Case004.test4()'><b>test4</b><br>Test class: testCases.Test_Case004</td>
<td></td>
<td>5</td>
<td>testCases.Test_Case004@5b12b668</td></tr>
<tr>
<td title='testCases.Test_Case010.currency_dropdown()'><b>currency_dropdown</b><br>Test class: testCases.Test_Case010<br>Parameters: GBP</td>
<td></td>
<td>4</td>
<td>testCases.Test_Case010@5542c4ed</td></tr>
<tr>
<td title='testCases.Test_Case011.check_sort_by_filter()'><b>check_sort_by_filter</b><br>Test class: testCases.Test_Case011<br>Parameters: Price (High > Low)</td>
<td></td>
<td>6</td>
<td>testCases.Test_Case011@1573f9fc</td></tr>
<tr>
<td title='testCases.Test_Case003.test3()'><b>test3</b><br>Test class: testCases.Test_Case003<br>Parameters: sandy5691@gmail.com, Garg25@$, positive</td>
<td></td>
<td>5</td>
<td>testCases.Test_Case003@327514f</td></tr>
<tr>
<td title='testCases.Test_Case013.check_total()'><b>check_total</b><br>Test class: testCases.Test_Case013<br>Parameters: phone</td>
<td></td>
<td>5</td>
<td>testCases.Test_Case013@44c03695</td></tr>
<tr>
<td title='testCases.Test_Case012.check_sort_by_filter()'><b>check_sort_by_filter</b><br>Test class: testCases.Test_Case012<br>Parameters: phone</td>
<td></td>
<td>5</td>
<td>testCases.Test_Case012@6150c3ec</td></tr>
</table><p>
</body>
</html>